
ROM used:   4852/16384 (15%)
            4852/16384 (15%) including unused fragments

            1.2 Average locations per line
            6.9 Average locations per statement

RAM used:   52/2048 (3%) at main() level
            94/2048 (5%) worst case

Stack used: 8 worst case (7 in main + 1 for interrupts)
Stack size: 31

Lines Stmts  %   Files
----- ----- ---  -----
  119    27   4  main.c
  759     0   0  C:\Program Files (x86)\PICC\Devices\18F2550.h
 2229   257  37  C:\Program Files (x86)\PICC\Drivers\math.h
    2     0   0  main.h
  456   110  16  C:\Program Files (x86)\PICC\Drivers\lcd.c
   81    31   4  tones.c
  262   279  40  funciones.c
----- -----
 3908   704 Total

Page ROM  %  RAM   Vol Diff  Functions:
---- --- --- ---   --- ----  ----------
0     38   0    1             @delay_ms1
0     32   0    1             @delay_us1
0     86   1    6             @SPI_XFER_1
0     44   0    0   176  3.3  TIMER1_isr
0     30   0    0             @const794
0     74   1    3   760  4.5  lcd_read_byte
0     82   1    2   262  3.7  lcd_read_nibble
0     64   1    1   399  2.4  lcd_send_nibble
0     70   1    3   415  3.7  lcd_send_byte
0    110   1    2   704  5.0  lcd_init
0     34   0    4   208  6.3  lcd_gotoxy
0     80   1    1   354  4.7  lcd_putc
0     74   1    5   267  6.8  lcd_set_cgram_char
0     54   1    5   285  4.3  do_delay
0    472   5   26   777  6.7  generate_tone
0    142   1   13             @DIV3232
0     66   1    5             @DIV1616
0     86   1   14             @MUL3232
0    250   3    2   705  3.4  tono
0     36   0    1    78  2.8  aabs
0    268   3    0  1014  5.8  buttons
0     68   1    0   160  3.6  read_temp
0     72   1    2   264  4.6  control
0     80   1    1   364  2.3  begin
0     18   0    0             @const897
0     32   0    2             @PSTRINGC_813
0     18   0    0             @const899
0    482   5    0  2205  7.9  mode
0     18   0    0             @const901
0     18   0    0             @const902
0     30   0    3             @PSTRINGCN_813
0    178   2    9             @PRINTF_LU_813
0     16   0    0             @const908
0     14   0    0             @const909
0     18   0    0             @const911
0     14   0    0             @const912
0    708   7    1  2288  6.8  run
0     18   0    0             @const915
0     20   0    0             @const916
0     18   0    0             @const917
0     18   0    0             @const918
0     18   0    0             @const919
0     18   0    0             @const920
0    370   4    1   999  3.8  end
0     16   0    0             @const922
0     18   0    0             @const923
0    216   2    1   328  2.8  MAIN
 Inline         0             @cinit1

Program metrics:
    Functions               21
    Statements              704
    Comments                520
    Volume (V)              21697
    Difficulty (D)          92.3
    Effort to implement (E) 2001897
    Time to implement (T)   30 hours, 54 minutes
    Est Delivered Bugs (B)  5
    Cyclomatic Complexity   75
    Maintainability (MI)    127

 Segment     Used  Free
-----------  ----  ----
00000-00002     4  0  
00004-00006     0  4  
00008-00094   142  0  
00096-07FFE  4706  27912  



